2020-08-21 15:49:33.827  INFO 3480 --- [restartedMain] com.aayurshi.musical.MusicalApplication  : Starting MusicalApplication on Aayurshi with PID 3480 (F:\eclipse_workspace1\musical_server\target\classes started by Aayurshi in F:\eclipse_workspace1\musical_server)
2020-08-21 15:49:33.855  INFO 3480 --- [restartedMain] com.aayurshi.musical.MusicalApplication  : No active profile set, falling back to default profiles: default
2020-08-21 15:49:34.093  INFO 3480 --- [restartedMain] o.s.b.devtools.restart.ChangeableUrls    : The Class-Path manifest attribute in C:\Users\aayur\.m2\repository\com\oracle\database\jdbc\ojdbc8\19.3.0.0\ojdbc8-19.3.0.0.jar referenced one or more files that do not exist: file:/C:/Users/aayur/.m2/repository/com/oracle/database/jdbc/ojdbc8/19.3.0.0/oraclepki.jar
2020-08-21 15:49:34.094  INFO 3480 --- [restartedMain] o.s.b.devtools.restart.ChangeableUrls    : The Class-Path manifest attribute in C:\Users\aayur\.m2\repository\com\oracle\database\security\oraclepki\19.3.0.0\oraclepki-19.3.0.0.jar referenced one or more files that do not exist: file:/C:/Users/aayur/.m2/repository/com/oracle/database/security/oraclepki/19.3.0.0/osdt_core.jar,file:/C:/Users/aayur/.m2/repository/com/oracle/database/security/oraclepki/19.3.0.0/osdt_cert.jar,file:/C:/Users/aayur/.m2/repository/com/oracle/database/security/oraclepki/oracle.osdt/osdt_core.jar,file:/C:/Users/aayur/.m2/repository/com/oracle/database/security/oraclepki/oracle.osdt/osdt_cert.jar
2020-08-21 15:49:34.094  INFO 3480 --- [restartedMain] .e.DevToolsPropertyDefaultsPostProcessor : Devtools property defaults active! Set 'spring.devtools.add-properties' to 'false' to disable
2020-08-21 15:49:34.095  INFO 3480 --- [restartedMain] .e.DevToolsPropertyDefaultsPostProcessor : For additional web related logging consider setting the 'logging.level.web' property to 'DEBUG'
2020-08-21 15:49:38.042  INFO 3480 --- [restartedMain] .s.d.r.c.RepositoryConfigurationDelegate : Bootstrapping Spring Data JPA repositories in DEFAULT mode.
2020-08-21 15:49:38.291  INFO 3480 --- [restartedMain] .s.d.r.c.RepositoryConfigurationDelegate : Finished Spring Data repository scanning in 62ms. Found 0 JPA repository interfaces.
2020-08-21 15:49:47.485  INFO 3480 --- [restartedMain] o.s.b.w.embedded.tomcat.TomcatWebServer  : Tomcat initialized with port(s): 3333 (http)
2020-08-21 15:49:47.523  INFO 3480 --- [restartedMain] o.apache.catalina.core.StandardService   : Starting service [Tomcat]
2020-08-21 15:49:47.524  INFO 3480 --- [restartedMain] org.apache.catalina.core.StandardEngine  : Starting Servlet engine: [Apache Tomcat/9.0.37]
2020-08-21 15:49:47.952  INFO 3480 --- [restartedMain] o.a.c.c.C.[Tomcat].[localhost].[/]       : Initializing Spring embedded WebApplicationContext
2020-08-21 15:49:47.952  INFO 3480 --- [restartedMain] w.s.c.ServletWebServerApplicationContext : Root WebApplicationContext: initialization completed in 13856 ms
2020-08-21 15:49:48.985  INFO 3480 --- [restartedMain] com.zaxxer.hikari.HikariDataSource       : HikariPool-1 - Starting...
2020-08-21 15:49:50.463  INFO 3480 --- [restartedMain] com.zaxxer.hikari.HikariDataSource       : HikariPool-1 - Start completed.
2020-08-21 15:49:50.721  INFO 3480 --- [restartedMain] o.hibernate.jpa.internal.util.LogHelper  : HHH000204: Processing PersistenceUnitInfo [name: default]
2020-08-21 15:49:50.932  INFO 3480 --- [restartedMain] org.hibernate.Version                    : HHH000412: Hibernate ORM core version 5.4.18.Final
2020-08-21 15:49:51.472  INFO 3480 --- [restartedMain] o.hibernate.annotations.common.Version   : HCANN000001: Hibernate Commons Annotations {5.1.0.Final}
2020-08-21 15:49:51.867  INFO 3480 --- [restartedMain] org.hibernate.dialect.Dialect            : HHH000400: Using dialect: org.hibernate.dialect.Oracle10gDialect
2020-08-21 15:49:57.391  INFO 3480 --- [restartedMain] o.h.e.t.j.p.i.JtaPlatformInitiator       : HHH000490: Using JtaPlatform implementation: [org.hibernate.engine.transaction.jta.platform.internal.NoJtaPlatform]
2020-08-21 15:49:57.446  INFO 3480 --- [restartedMain] j.LocalContainerEntityManagerFactoryBean : Initialized JPA EntityManagerFactory for persistence unit 'default'
2020-08-21 15:49:58.376  WARN 3480 --- [restartedMain] JpaBaseConfiguration$JpaWebConfiguration : spring.jpa.open-in-view is enabled by default. Therefore, database queries may be performed during view rendering. Explicitly configure spring.jpa.open-in-view to disable this warning
2020-08-21 15:49:58.855  INFO 3480 --- [restartedMain] o.s.s.concurrent.ThreadPoolTaskExecutor  : Initializing ExecutorService 'applicationTaskExecutor'
2020-08-21 15:49:59.523  INFO 3480 --- [restartedMain] o.s.b.d.a.OptionalLiveReloadServer       : LiveReload server is running on port 35729
2020-08-21 15:49:59.686  INFO 3480 --- [restartedMain] o.s.b.w.embedded.tomcat.TomcatWebServer  : Tomcat started on port(s): 3333 (http) with context path ''
2020-08-21 15:49:59.694  INFO 3480 --- [restartedMain] com.aayurshi.musical.MusicalApplication  : Started MusicalApplication in 27.606 seconds (JVM running for 29.179)
2020-08-21 15:58:13.797  INFO 3480 --- [Thread-15] o.s.s.concurrent.ThreadPoolTaskExecutor  : Shutting down ExecutorService 'applicationTaskExecutor'
2020-08-21 15:58:13.797  INFO 3480 --- [Thread-15] j.LocalContainerEntityManagerFactoryBean : Closing JPA EntityManagerFactory for persistence unit 'default'
2020-08-21 15:58:13.813  INFO 3480 --- [Thread-15] com.zaxxer.hikari.HikariDataSource       : HikariPool-1 - Shutdown initiated...
2020-08-21 15:58:13.906  INFO 3480 --- [Thread-15] com.zaxxer.hikari.HikariDataSource       : HikariPool-1 - Shutdown completed.
2020-08-21 15:58:14.584  INFO 3480 --- [restartedMain] com.aayurshi.musical.MusicalApplication  : Starting MusicalApplication on Aayurshi with PID 3480 (F:\eclipse_workspace1\musical_server\target\classes started by Aayurshi in F:\eclipse_workspace1\musical_server)
2020-08-21 15:58:14.600  INFO 3480 --- [restartedMain] com.aayurshi.musical.MusicalApplication  : No active profile set, falling back to default profiles: default
2020-08-21 15:58:15.320  INFO 3480 --- [restartedMain] .s.d.r.c.RepositoryConfigurationDelegate : Bootstrapping Spring Data JPA repositories in DEFAULT mode.
2020-08-21 15:58:15.330  INFO 3480 --- [restartedMain] .s.d.r.c.RepositoryConfigurationDelegate : Finished Spring Data repository scanning in 9ms. Found 0 JPA repository interfaces.
2020-08-21 15:58:15.749  INFO 3480 --- [restartedMain] o.s.b.w.embedded.tomcat.TomcatWebServer  : Tomcat initialized with port(s): 3333 (http)
2020-08-21 15:58:15.750  INFO 3480 --- [restartedMain] o.apache.catalina.core.StandardService   : Starting service [Tomcat]
2020-08-21 15:58:15.754  INFO 3480 --- [restartedMain] org.apache.catalina.core.StandardEngine  : Starting Servlet engine: [Apache Tomcat/9.0.37]
2020-08-21 15:58:15.785  INFO 3480 --- [restartedMain] o.a.c.c.C.[Tomcat].[localhost].[/]       : Initializing Spring embedded WebApplicationContext
2020-08-21 15:58:15.785  INFO 3480 --- [restartedMain] w.s.c.ServletWebServerApplicationContext : Root WebApplicationContext: initialization completed in 1170 ms
2020-08-21 15:58:15.878  INFO 3480 --- [restartedMain] com.zaxxer.hikari.HikariDataSource       : HikariPool-2 - Starting...
2020-08-21 15:58:15.922  INFO 3480 --- [restartedMain] com.zaxxer.hikari.HikariDataSource       : HikariPool-2 - Start completed.
2020-08-21 15:58:15.930  INFO 3480 --- [restartedMain] o.hibernate.jpa.internal.util.LogHelper  : HHH000204: Processing PersistenceUnitInfo [name: default]
2020-08-21 15:58:15.939  INFO 3480 --- [restartedMain] org.hibernate.dialect.Dialect            : HHH000400: Using dialect: org.hibernate.dialect.Oracle10gDialect
2020-08-21 15:58:16.167  INFO 3480 --- [restartedMain] o.h.e.t.j.p.i.JtaPlatformInitiator       : HHH000490: Using JtaPlatform implementation: [org.hibernate.engine.transaction.jta.platform.internal.NoJtaPlatform]
2020-08-21 15:58:16.170  INFO 3480 --- [restartedMain] j.LocalContainerEntityManagerFactoryBean : Initialized JPA EntityManagerFactory for persistence unit 'default'
2020-08-21 15:58:16.588  WARN 3480 --- [restartedMain] JpaBaseConfiguration$JpaWebConfiguration : spring.jpa.open-in-view is enabled by default. Therefore, database queries may be performed during view rendering. Explicitly configure spring.jpa.open-in-view to disable this warning
2020-08-21 15:58:16.692  INFO 3480 --- [restartedMain] o.s.s.concurrent.ThreadPoolTaskExecutor  : Initializing ExecutorService 'applicationTaskExecutor'
2020-08-21 15:58:16.855  INFO 3480 --- [restartedMain] o.s.b.d.a.OptionalLiveReloadServer       : LiveReload server is running on port 35729
2020-08-21 15:58:16.893  INFO 3480 --- [restartedMain] o.s.b.w.embedded.tomcat.TomcatWebServer  : Tomcat started on port(s): 3333 (http) with context path ''
2020-08-21 15:58:16.897  INFO 3480 --- [restartedMain] com.aayurshi.musical.MusicalApplication  : Started MusicalApplication in 2.439 seconds (JVM running for 526.382)
2020-08-21 15:58:16.903  INFO 3480 --- [restartedMain] .ConditionEvaluationDeltaLoggingListener : Condition evaluation unchanged
2020-08-21 16:17:54.341  INFO 3480 --- [http-nio-3333-exec-1] o.apache.coyote.http11.Http11Processor   : Error parsing HTTP request header
 Note: further occurrences of HTTP request parsing errors will be logged at DEBUG level.

java.lang.IllegalArgumentException: Invalid character found in method name [0x160x030x010x000xf70x010x000x000xf30x030x032y@0x1d0x9dw9]. HTTP method names must be tokens
	at org.apache.coyote.http11.Http11InputBuffer.parseRequestLine(Http11InputBuffer.java:418) ~[tomcat-embed-core-9.0.37.jar:9.0.37]
	at org.apache.coyote.http11.Http11Processor.service(Http11Processor.java:260) ~[tomcat-embed-core-9.0.37.jar:9.0.37]
	at org.apache.coyote.AbstractProcessorLight.process(AbstractProcessorLight.java:65) [tomcat-embed-core-9.0.37.jar:9.0.37]
	at org.apache.coyote.AbstractProtocol$ConnectionHandler.process(AbstractProtocol.java:868) [tomcat-embed-core-9.0.37.jar:9.0.37]
	at org.apache.tomcat.util.net.NioEndpoint$SocketProcessor.doRun(NioEndpoint.java:1589) [tomcat-embed-core-9.0.37.jar:9.0.37]
	at org.apache.tomcat.util.net.SocketProcessorBase.run(SocketProcessorBase.java:49) [tomcat-embed-core-9.0.37.jar:9.0.37]
	at java.util.concurrent.ThreadPoolExecutor.runWorker(ThreadPoolExecutor.java:1149) [na:1.8.0_265]
	at java.util.concurrent.ThreadPoolExecutor$Worker.run(ThreadPoolExecutor.java:624) [na:1.8.0_265]
	at org.apache.tomcat.util.threads.TaskThread$WrappingRunnable.run(TaskThread.java:61) [tomcat-embed-core-9.0.37.jar:9.0.37]
	at java.lang.Thread.run(Thread.java:823) [na:1.8.0_265]

2020-08-21 16:19:52.023  INFO 3480 --- [Thread-18] o.s.s.concurrent.ThreadPoolTaskExecutor  : Shutting down ExecutorService 'applicationTaskExecutor'
2020-08-21 16:19:52.027  INFO 3480 --- [Thread-18] j.LocalContainerEntityManagerFactoryBean : Closing JPA EntityManagerFactory for persistence unit 'default'
2020-08-21 16:19:52.031  INFO 3480 --- [Thread-18] com.zaxxer.hikari.HikariDataSource       : HikariPool-2 - Shutdown initiated...
2020-08-21 16:19:52.094  INFO 3480 --- [Thread-18] com.zaxxer.hikari.HikariDataSource       : HikariPool-2 - Shutdown completed.
2020-08-21 16:19:52.557  INFO 3480 --- [restartedMain] com.aayurshi.musical.MusicalApplication  : Starting MusicalApplication on Aayurshi with PID 3480 (F:\eclipse_workspace1\musical_server\target\classes started by Aayurshi in F:\eclipse_workspace1\musical_server)
2020-08-21 16:19:52.558  INFO 3480 --- [restartedMain] com.aayurshi.musical.MusicalApplication  : No active profile set, falling back to default profiles: default
2020-08-21 16:19:53.600  INFO 3480 --- [restartedMain] .s.d.r.c.RepositoryConfigurationDelegate : Bootstrapping Spring Data JPA repositories in DEFAULT mode.
2020-08-21 16:19:53.618  INFO 3480 --- [restartedMain] .s.d.r.c.RepositoryConfigurationDelegate : Finished Spring Data repository scanning in 14ms. Found 0 JPA repository interfaces.
2020-08-21 16:19:54.042  INFO 3480 --- [restartedMain] o.s.b.w.embedded.tomcat.TomcatWebServer  : Tomcat initialized with port(s): 3333 (http)
2020-08-21 16:19:54.044  INFO 3480 --- [restartedMain] o.apache.catalina.core.StandardService   : Starting service [Tomcat]
2020-08-21 16:19:54.045  INFO 3480 --- [restartedMain] org.apache.catalina.core.StandardEngine  : Starting Servlet engine: [Apache Tomcat/9.0.37]
2020-08-21 16:19:54.076  INFO 3480 --- [restartedMain] o.a.c.c.C.[Tomcat].[localhost].[/]       : Initializing Spring embedded WebApplicationContext
2020-08-21 16:19:54.076  INFO 3480 --- [restartedMain] w.s.c.ServletWebServerApplicationContext : Root WebApplicationContext: initialization completed in 1511 ms
2020-08-21 16:19:54.147  INFO 3480 --- [restartedMain] com.zaxxer.hikari.HikariDataSource       : HikariPool-3 - Starting...
2020-08-21 16:19:54.182  INFO 3480 --- [restartedMain] com.zaxxer.hikari.HikariDataSource       : HikariPool-3 - Start completed.
2020-08-21 16:19:54.191  INFO 3480 --- [restartedMain] o.hibernate.jpa.internal.util.LogHelper  : HHH000204: Processing PersistenceUnitInfo [name: default]
2020-08-21 16:19:54.213  INFO 3480 --- [restartedMain] org.hibernate.dialect.Dialect            : HHH000400: Using dialect: org.hibernate.dialect.Oracle10gDialect
2020-08-21 16:19:54.540  INFO 3480 --- [restartedMain] o.h.e.t.j.p.i.JtaPlatformInitiator       : HHH000490: Using JtaPlatform implementation: [org.hibernate.engine.transaction.jta.platform.internal.NoJtaPlatform]
2020-08-21 16:19:54.542  INFO 3480 --- [restartedMain] j.LocalContainerEntityManagerFactoryBean : Initialized JPA EntityManagerFactory for persistence unit 'default'
2020-08-21 16:19:54.806  WARN 3480 --- [restartedMain] JpaBaseConfiguration$JpaWebConfiguration : spring.jpa.open-in-view is enabled by default. Therefore, database queries may be performed during view rendering. Explicitly configure spring.jpa.open-in-view to disable this warning
2020-08-21 16:19:54.905  INFO 3480 --- [restartedMain] o.s.s.concurrent.ThreadPoolTaskExecutor  : Initializing ExecutorService 'applicationTaskExecutor'
2020-08-21 16:19:55.209  INFO 3480 --- [restartedMain] o.s.b.d.a.OptionalLiveReloadServer       : LiveReload server is running on port 35729
2020-08-21 16:19:55.251  INFO 3480 --- [restartedMain] o.s.b.w.embedded.tomcat.TomcatWebServer  : Tomcat started on port(s): 3333 (http) with context path ''
2020-08-21 16:19:55.253  INFO 3480 --- [restartedMain] com.aayurshi.musical.MusicalApplication  : Started MusicalApplication in 2.771 seconds (JVM running for 1824.738)
2020-08-21 16:19:55.256  INFO 3480 --- [restartedMain] .ConditionEvaluationDeltaLoggingListener : Condition evaluation unchanged
2020-08-21 16:20:03.507  INFO 9540 --- [restartedMain] com.aayurshi.musical.MusicalApplication  : Starting MusicalApplication on Aayurshi with PID 9540 (F:\eclipse_workspace1\musical_server\target\classes started by Aayurshi in F:\eclipse_workspace1\musical_server)
2020-08-21 16:20:03.515  INFO 9540 --- [restartedMain] com.aayurshi.musical.MusicalApplication  : No active profile set, falling back to default profiles: default
2020-08-21 16:20:03.654  INFO 9540 --- [restartedMain] o.s.b.devtools.restart.ChangeableUrls    : The Class-Path manifest attribute in C:\Users\aayur\.m2\repository\com\oracle\database\jdbc\ojdbc8\19.3.0.0\ojdbc8-19.3.0.0.jar referenced one or more files that do not exist: file:/C:/Users/aayur/.m2/repository/com/oracle/database/jdbc/ojdbc8/19.3.0.0/oraclepki.jar
2020-08-21 16:20:03.655  INFO 9540 --- [restartedMain] o.s.b.devtools.restart.ChangeableUrls    : The Class-Path manifest attribute in C:\Users\aayur\.m2\repository\com\oracle\database\security\oraclepki\19.3.0.0\oraclepki-19.3.0.0.jar referenced one or more files that do not exist: file:/C:/Users/aayur/.m2/repository/com/oracle/database/security/oraclepki/19.3.0.0/osdt_core.jar,file:/C:/Users/aayur/.m2/repository/com/oracle/database/security/oraclepki/19.3.0.0/osdt_cert.jar,file:/C:/Users/aayur/.m2/repository/com/oracle/database/security/oraclepki/oracle.osdt/osdt_core.jar,file:/C:/Users/aayur/.m2/repository/com/oracle/database/security/oraclepki/oracle.osdt/osdt_cert.jar
2020-08-21 16:20:03.655  INFO 9540 --- [restartedMain] .e.DevToolsPropertyDefaultsPostProcessor : Devtools property defaults active! Set 'spring.devtools.add-properties' to 'false' to disable
2020-08-21 16:20:03.655  INFO 9540 --- [restartedMain] .e.DevToolsPropertyDefaultsPostProcessor : For additional web related logging consider setting the 'logging.level.web' property to 'DEBUG'
2020-08-21 16:20:04.765  INFO 9540 --- [restartedMain] .s.d.r.c.RepositoryConfigurationDelegate : Bootstrapping Spring Data JPA repositories in DEFAULT mode.
2020-08-21 16:20:04.820  INFO 9540 --- [restartedMain] .s.d.r.c.RepositoryConfigurationDelegate : Finished Spring Data repository scanning in 36ms. Found 0 JPA repository interfaces.
2020-08-21 16:20:06.160  INFO 9540 --- [restartedMain] o.s.b.w.embedded.tomcat.TomcatWebServer  : Tomcat initialized with port(s): 3333 (http)
2020-08-21 16:20:06.180  INFO 9540 --- [restartedMain] o.apache.catalina.core.StandardService   : Starting service [Tomcat]
2020-08-21 16:20:06.180  INFO 9540 --- [restartedMain] org.apache.catalina.core.StandardEngine  : Starting Servlet engine: [Apache Tomcat/9.0.37]
2020-08-21 16:20:06.347  INFO 9540 --- [restartedMain] o.a.c.c.C.[Tomcat].[localhost].[/]       : Initializing Spring embedded WebApplicationContext
2020-08-21 16:20:06.348  INFO 9540 --- [restartedMain] w.s.c.ServletWebServerApplicationContext : Root WebApplicationContext: initialization completed in 2692 ms
2020-08-21 16:20:06.694  INFO 9540 --- [restartedMain] com.zaxxer.hikari.HikariDataSource       : HikariPool-1 - Starting...
2020-08-21 16:20:07.126  INFO 9540 --- [restartedMain] com.zaxxer.hikari.HikariDataSource       : HikariPool-1 - Start completed.
2020-08-21 16:20:07.205  INFO 9540 --- [restartedMain] o.hibernate.jpa.internal.util.LogHelper  : HHH000204: Processing PersistenceUnitInfo [name: default]
2020-08-21 16:20:07.340  INFO 9540 --- [restartedMain] org.hibernate.Version                    : HHH000412: Hibernate ORM core version 5.4.18.Final
2020-08-21 16:20:07.641  INFO 9540 --- [restartedMain] o.hibernate.annotations.common.Version   : HCANN000001: Hibernate Commons Annotations {5.1.0.Final}
2020-08-21 16:20:07.873  INFO 9540 --- [restartedMain] org.hibernate.dialect.Dialect            : HHH000400: Using dialect: org.hibernate.dialect.Oracle10gDialect
2020-08-21 16:20:09.303  INFO 9540 --- [restartedMain] o.h.e.t.j.p.i.JtaPlatformInitiator       : HHH000490: Using JtaPlatform implementation: [org.hibernate.engine.transaction.jta.platform.internal.NoJtaPlatform]
2020-08-21 16:20:09.319  INFO 9540 --- [restartedMain] j.LocalContainerEntityManagerFactoryBean : Initialized JPA EntityManagerFactory for persistence unit 'default'
2020-08-21 16:20:09.534  WARN 9540 --- [restartedMain] JpaBaseConfiguration$JpaWebConfiguration : spring.jpa.open-in-view is enabled by default. Therefore, database queries may be performed during view rendering. Explicitly configure spring.jpa.open-in-view to disable this warning
2020-08-21 16:20:09.786  INFO 9540 --- [restartedMain] o.s.s.concurrent.ThreadPoolTaskExecutor  : Initializing ExecutorService 'applicationTaskExecutor'
2020-08-21 16:20:10.124  INFO 9540 --- [restartedMain] o.s.b.d.a.OptionalLiveReloadServer       : LiveReload server is running on port 35729
2020-08-21 16:20:10.189  INFO 9540 --- [restartedMain] o.s.b.w.embedded.tomcat.TomcatWebServer  : Tomcat started on port(s): 3333 (http) with context path ''
2020-08-21 16:20:10.195  INFO 9540 --- [restartedMain] com.aayurshi.musical.MusicalApplication  : Started MusicalApplication in 7.54 seconds (JVM running for 8.165)
2020-08-21 16:20:40.333  INFO 9540 --- [http-nio-3333-exec-1] o.apache.coyote.http11.Http11Processor   : Error parsing HTTP request header
 Note: further occurrences of HTTP request parsing errors will be logged at DEBUG level.

java.lang.IllegalArgumentException: Invalid character found in method name [0x160x030x010x000xf70x010x000x000xf30x030x03Y0x900xb30xda0xb5<0xf82J\0x9e0xb10xf0zz0xe2\;9'0x87<0xf9TO0xeb0x0f0x9d0xad`)+]. HTTP method names must be tokens
	at org.apache.coyote.http11.Http11InputBuffer.parseRequestLine(Http11InputBuffer.java:418) ~[tomcat-embed-core-9.0.37.jar:9.0.37]
	at org.apache.coyote.http11.Http11Processor.service(Http11Processor.java:260) ~[tomcat-embed-core-9.0.37.jar:9.0.37]
	at org.apache.coyote.AbstractProcessorLight.process(AbstractProcessorLight.java:65) [tomcat-embed-core-9.0.37.jar:9.0.37]
	at org.apache.coyote.AbstractProtocol$ConnectionHandler.process(AbstractProtocol.java:868) [tomcat-embed-core-9.0.37.jar:9.0.37]
	at org.apache.tomcat.util.net.NioEndpoint$SocketProcessor.doRun(NioEndpoint.java:1589) [tomcat-embed-core-9.0.37.jar:9.0.37]
	at org.apache.tomcat.util.net.SocketProcessorBase.run(SocketProcessorBase.java:49) [tomcat-embed-core-9.0.37.jar:9.0.37]
	at java.util.concurrent.ThreadPoolExecutor.runWorker(ThreadPoolExecutor.java:1149) [na:1.8.0_265]
	at java.util.concurrent.ThreadPoolExecutor$Worker.run(ThreadPoolExecutor.java:624) [na:1.8.0_265]
	at org.apache.tomcat.util.threads.TaskThread$WrappingRunnable.run(TaskThread.java:61) [tomcat-embed-core-9.0.37.jar:9.0.37]
	at java.lang.Thread.run(Thread.java:823) [na:1.8.0_265]

2020-08-21 16:20:48.185  INFO 9540 --- [http-nio-3333-exec-3] o.a.c.c.C.[Tomcat].[localhost].[/]       : Initializing Spring DispatcherServlet 'dispatcherServlet'
2020-08-21 16:20:48.186  INFO 9540 --- [http-nio-3333-exec-3] o.s.web.servlet.DispatcherServlet        : Initializing Servlet 'dispatcherServlet'
2020-08-21 16:20:48.216  INFO 9540 --- [http-nio-3333-exec-3] o.s.web.servlet.DispatcherServlet        : Completed initialization in 30 ms
2020-08-21 16:22:28.452  INFO 9540 --- [http-nio-3333-exec-6] c.aayurshi.musical.api.RegistrationAPI   : TRYING TO REGISTER. CUSTOMER EMAIL ID: rohit@gmail.com
2020-08-21 16:24:52.358  INFO 9540 --- [http-nio-3333-exec-9] c.aayurshi.musical.api.RegistrationAPI   : VALIDATING CREDENTIALS. CUSTOMER EMAIL ID: rohit@gmail.com
2020-08-21 16:24:52.966  INFO 9540 --- [http-nio-3333-exec-9] c.aayurshi.musical.api.RegistrationAPI   : LOGIN SUCCESS, CUSTOMER EMAIL : rohit@gmail.com
2020-08-21 16:34:42.458  INFO 9540 --- [http-nio-3333-exec-4] c.aayurshi.musical.api.RegistrationAPI   : TRYING TO REGISTER. CUSTOMER EMAIL ID: rohit@gmail.com
2020-08-21 16:34:42.475  WARN 9540 --- [http-nio-3333-exec-4] .w.s.m.a.ResponseStatusExceptionResolver : Resolved [org.springframework.web.server.ResponseStatusException: 409 CONFLICT "The emailId is already in use."]
2020-08-21 19:44:07.456  WARN 9540 --- [HikariPool-1 housekeeper] com.zaxxer.hikari.pool.HikariPool        : HikariPool-1 - Thread starvation or clock leap detected (housekeeper delta=3h29s834ms592µs200ns).
2020-08-21 21:52:50.623  WARN 9540 --- [HikariPool-1 housekeeper] com.zaxxer.hikari.pool.HikariPool        : HikariPool-1 - Thread starvation or clock leap detected (housekeeper delta=2h8m57s669ms667µs900ns).
